2021-01-07 09:03:31 [scrapy.utils.log] INFO: Scrapy 1.6.0 started (bot: video_scrapy)
2021-01-07 09:03:31 [scrapy.utils.log] INFO: Versions: lxml 4.3.1.0, libxml2 2.9.5, cssselect 1.1.0, parsel 1.5.2, w3lib 1.21.0, Twisted 19.2.0, Python 3.7.3 (default, Apr 24 2019, 15:29:51) [MSC v.1915 64 bit (AMD64)], pyOpenSSL 19.0.0 (OpenSSL 1.1.1c  28 May 2019), cryptography 2.7, Platform Windows-10-10.0.18362-SP0
2021-01-07 09:03:31 [scrapy.crawler] INFO: Overridden settings: {'BOT_NAME': 'video_scrapy', 'CONCURRENT_REQUESTS_PER_DOMAIN': 100000, 'DOWNLOAD_TIMEOUT': 10, 'DUPEFILTER_CLASS': 'scrapy_redis.dupefilter.RFPDupeFilter', 'LOG_FILE': 'increment.log', 'NEWSPIDER_MODULE': 'video_scrapy.spiders', 'RETRY_TIMES': 15, 'SCHEDULER': 'scrapy_redis.scheduler.Scheduler', 'SPIDER_MODULES': ['video_scrapy.spiders']}
2021-01-07 09:03:31 [scrapy.extensions.telnet] INFO: Telnet Password: a18553aac08b507d
2021-01-07 09:03:31 [scrapy.middleware] INFO: Enabled extensions:
['scrapy.extensions.corestats.CoreStats',
 'scrapy.extensions.telnet.TelnetConsole',
 'scrapy.extensions.logstats.LogStats']
2021-01-07 09:03:32 [scrapy.middleware] INFO: Enabled downloader middlewares:
['scrapy.downloadermiddlewares.httpauth.HttpAuthMiddleware',
 'scrapy.downloadermiddlewares.downloadtimeout.DownloadTimeoutMiddleware',
 'scrapy.downloadermiddlewares.defaultheaders.DefaultHeadersMiddleware',
 'scrapy.downloadermiddlewares.useragent.UserAgentMiddleware',
 'video_scrapy.middlewares.RandomUserAgent',
 'video_scrapy.middlewares.ProxyMiddleWares',
 'video_scrapy.middlewares.MyRetry',
 'video_scrapy.middlewares.VideoScrapyDownloaderMiddleware',
 'scrapy.downloadermiddlewares.redirect.MetaRefreshMiddleware',
 'scrapy.downloadermiddlewares.httpcompression.HttpCompressionMiddleware',
 'scrapy.downloadermiddlewares.redirect.RedirectMiddleware',
 'scrapy.downloadermiddlewares.cookies.CookiesMiddleware',
 'scrapy.downloadermiddlewares.httpproxy.HttpProxyMiddleware',
 'scrapy.downloadermiddlewares.stats.DownloaderStats']
2021-01-07 09:03:32 [scrapy.middleware] INFO: Enabled spider middlewares:
['scrapy.spidermiddlewares.httperror.HttpErrorMiddleware',
 'scrapy.spidermiddlewares.offsite.OffsiteMiddleware',
 'scrapy.spidermiddlewares.referer.RefererMiddleware',
 'scrapy.spidermiddlewares.urllength.UrlLengthMiddleware',
 'scrapy.spidermiddlewares.depth.DepthMiddleware']
2021-01-07 09:03:32 [scrapy.middleware] INFO: Enabled item pipelines:
['video_scrapy.pipelines.MongoDBPipeline']
2021-01-07 09:03:32 [scrapy.core.engine] INFO: Spider opened
2021-01-07 09:03:32 [scrapy.extensions.logstats] INFO: Crawled 0 pages (at 0 pages/min), scraped 0 items (at 0 items/min)
2021-01-07 09:03:32 [douban_increment] INFO: Spider opened: douban_increment
2021-01-07 09:03:32 [douban_increment] INFO: Spider opened: douban_increment
2021-01-07 09:03:32 [scrapy.extensions.telnet] INFO: Telnet console listening on 127.0.0.1:6023
2021-01-07 09:03:35 [scrapy.core.engine] DEBUG: Crawled (200) <GET https://movie.douban.com/j/search_subjects?type=movie&tag=%E6%9C%80%E6%96%B0&page_limit=100&page_start=0> (referer: None)
2021-01-07 09:03:36 [root] DEBUG: 数据库存在30421637
2021-01-07 09:03:36 [root] DEBUG: 数据库存在27068597
2021-01-07 09:03:36 [root] DEBUG: 数据库存在34979983
2021-01-07 09:03:36 [root] DEBUG: 数据库存在34463995
2021-01-07 09:03:36 [root] DEBUG: 数据库存在33415963
2021-01-07 09:03:36 [root] DEBUG: 数据库存在35051438
2021-01-07 09:03:36 [root] DEBUG: 数据库存在30450313
2021-01-07 09:03:36 [root] DEBUG: 数据库存在27153409
2021-01-07 09:03:36 [root] DEBUG: 数据库存在26833203
2021-01-07 09:03:36 [root] DEBUG: 数据库存在26684264
2021-01-07 09:03:36 [root] DEBUG: 数据库存在35264411
2021-01-07 09:03:36 [root] DEBUG: 数据库存在34909171
2021-01-07 09:03:36 [root] DEBUG: 数据库存在35131427
2021-01-07 09:03:36 [root] DEBUG: 数据库存在35207868
2021-01-07 09:03:36 [root] DEBUG: 数据库存在35224342
2021-01-07 09:03:36 [root] DEBUG: 数据库存在34818507
2021-01-07 09:03:36 [root] DEBUG: 数据库存在34919039
2021-01-07 09:03:36 [root] DEBUG: 数据库存在34797673
2021-01-07 09:03:36 [root] DEBUG: 数据库存在35275115
2021-01-07 09:03:36 [root] DEBUG: 数据库存在34925402
2021-01-07 09:03:36 [root] DEBUG: 数据库存在33371681
2021-01-07 09:03:36 [root] DEBUG: 数据库存在35231832
2021-01-07 09:03:36 [root] DEBUG: 数据库存在35163183
2021-01-07 09:03:36 [root] DEBUG: 数据库存在30149726
2021-01-07 09:03:36 [root] DEBUG: 数据库存在34899500
2021-01-07 09:03:36 [root] DEBUG: 数据库存在30451958
2021-01-07 09:03:36 [root] DEBUG: 数据库存在35195868
2021-01-07 09:03:36 [root] DEBUG: 数据库存在24733428
2021-01-07 09:03:36 [root] DEBUG: 数据库存在34442667
2021-01-07 09:03:36 [root] DEBUG: 数据库存在30432331
2021-01-07 09:03:36 [root] DEBUG: 数据库存在34906719
2021-01-07 09:03:36 [root] DEBUG: 数据库存在30365411
2021-01-07 09:03:36 [root] DEBUG: 数据库存在30408043
2021-01-07 09:03:36 [root] DEBUG: 数据库存在34439631
2021-01-07 09:03:36 [root] DEBUG: 数据库存在34940645
2021-01-07 09:03:36 [root] DEBUG: 数据库存在34841492
2021-01-07 09:03:36 [root] DEBUG: 数据库存在34858072
2021-01-07 09:03:36 [root] DEBUG: 数据库存在27092550
2021-01-07 09:03:36 [root] DEBUG: 数据库存在34902569
2021-01-07 09:03:36 [root] DEBUG: 数据库存在33462526
2021-01-07 09:03:36 [root] DEBUG: 数据库存在34996986
2021-01-07 09:03:36 [root] DEBUG: 数据库存在35153548
2021-01-07 09:03:36 [root] DEBUG: 数据库存在34926177
2021-01-07 09:03:36 [root] DEBUG: 数据库存在35182114
2021-01-07 09:03:36 [root] DEBUG: 数据库存在33437777
2021-01-07 09:03:36 [root] DEBUG: 数据库存在34800470
2021-01-07 09:03:36 [root] DEBUG: 数据库存在30207998
2021-01-07 09:03:36 [root] DEBUG: 数据库存在34678142
2021-01-07 09:03:36 [root] DEBUG: 数据库存在27073752
2021-01-07 09:03:36 [root] DEBUG: 数据库存在30323120
2021-01-07 09:03:36 [root] DEBUG: 数据库存在30459693
2021-01-07 09:03:36 [root] DEBUG: 数据库存在34461279
2021-01-07 09:03:36 [root] DEBUG: 数据库存在34841525
2021-01-07 09:03:36 [root] DEBUG: 数据库存在30396679
2021-01-07 09:03:36 [root] DEBUG: 数据库存在35225280
2021-01-07 09:03:36 [root] DEBUG: 数据库存在34840499
2021-01-07 09:03:36 [root] DEBUG: 数据库存在34982759
2021-01-07 09:03:36 [root] DEBUG: 数据库存在30170787
2021-01-07 09:03:36 [root] DEBUG: 数据库存在34463371
2021-01-07 09:03:36 [root] DEBUG: 数据库存在26694926
2021-01-07 09:03:36 [root] DEBUG: 数据库存在34786960
2021-01-07 09:03:36 [root] DEBUG: 数据库存在26716348
2021-01-07 09:03:36 [root] DEBUG: 数据库存在33465595
2021-01-07 09:03:36 [root] DEBUG: 数据库存在30160584
2021-01-07 09:03:36 [root] DEBUG: 数据库存在33422501
2021-01-07 09:03:36 [root] DEBUG: 数据库存在35151580
2021-01-07 09:03:36 [root] DEBUG: 数据库存在34905647
2021-01-07 09:03:36 [root] DEBUG: 数据库存在27042286
2021-01-07 09:03:36 [root] DEBUG: 数据库存在34894753
2021-01-07 09:03:36 [root] DEBUG: 数据库存在34454004
2021-01-07 09:03:36 [root] DEBUG: 数据库存在34907386
2021-01-07 09:03:36 [root] DEBUG: 数据库存在30437716
2021-01-07 09:03:36 [root] DEBUG: 数据库存在35048298
2021-01-07 09:03:36 [root] DEBUG: 数据库存在33476037
2021-01-07 09:03:36 [root] DEBUG: 数据库存在35028505
2021-01-07 09:03:36 [root] DEBUG: 数据库存在34935805
2021-01-07 09:03:36 [root] DEBUG: 数据库存在30167311
2021-01-07 09:03:36 [root] DEBUG: 数据库存在34678234
2021-01-07 09:03:36 [root] DEBUG: 数据库存在30349249
2021-01-07 09:03:36 [root] DEBUG: 数据库存在27072716
2021-01-07 09:03:36 [root] DEBUG: 数据库存在30282350
2021-01-07 09:03:36 [root] DEBUG: 数据库存在35161323
2021-01-07 09:03:36 [root] DEBUG: 数据库存在30465260
2021-01-07 09:03:36 [root] DEBUG: 数据库存在34805873
2021-01-07 09:03:36 [root] DEBUG: 数据库存在30304560
2021-01-07 09:03:36 [root] DEBUG: 数据库存在33379643
2021-01-07 09:03:36 [root] DEBUG: 数据库存在30403683
2021-01-07 09:03:36 [root] DEBUG: 数据库存在33389309
2021-01-07 09:03:36 [root] DEBUG: 数据库存在34461705
2021-01-07 09:03:36 [root] DEBUG: 数据库存在33406815
2021-01-07 09:03:36 [root] DEBUG: 数据库存在34954336
2021-01-07 09:03:36 [root] DEBUG: 数据库存在30304769
2021-01-07 09:03:36 [root] DEBUG: 数据库存在30466931
2021-01-07 09:03:36 [root] DEBUG: 数据库存在34663688
2021-01-07 09:03:36 [root] DEBUG: 数据库存在30206909
2021-01-07 09:03:36 [root] DEBUG: 数据库存在33394375
2021-01-07 09:03:36 [root] DEBUG: 数据库存在35154957
2021-01-07 09:03:36 [root] DEBUG: 数据库存在27176614
2021-01-07 09:03:36 [root] DEBUG: 数据库存在27200012
2021-01-07 09:03:36 [root] DEBUG: 数据库存在34679696
2021-01-07 09:03:36 [scrapy.core.engine] INFO: Closing spider (finished)
2021-01-07 09:03:36 [scrapy.statscollectors] INFO: Dumping Scrapy stats:
{'downloader/request_bytes': 394,
 'downloader/request_count': 1,
 'downloader/request_method_count/GET': 1,
 'downloader/response_bytes': 5046,
 'downloader/response_count': 1,
 'downloader/response_status_count/200': 1,
 'finish_reason': 'finished',
 'finish_time': datetime.datetime(2021, 1, 7, 1, 3, 36, 911942),
 'log_count/DEBUG': 101,
 'log_count/INFO': 11,
 'response_received_count': 1,
 'scheduler/dequeued/redis': 1,
 'scheduler/enqueued/redis': 1,
 'start_time': datetime.datetime(2021, 1, 7, 1, 3, 32, 287937)}
2021-01-07 09:03:36 [scrapy.core.engine] INFO: Spider closed (finished)
2021-01-07 09:05:22 [scrapy.utils.log] INFO: Scrapy 1.6.0 started (bot: video_scrapy)
2021-01-07 09:05:22 [scrapy.utils.log] INFO: Versions: lxml 4.3.1.0, libxml2 2.9.5, cssselect 1.1.0, parsel 1.5.2, w3lib 1.21.0, Twisted 19.2.0, Python 3.7.3 (default, Apr 24 2019, 15:29:51) [MSC v.1915 64 bit (AMD64)], pyOpenSSL 19.0.0 (OpenSSL 1.1.1c  28 May 2019), cryptography 2.7, Platform Windows-10-10.0.18362-SP0
2021-01-07 09:05:22 [scrapy.crawler] INFO: Overridden settings: {'BOT_NAME': 'video_scrapy', 'CONCURRENT_REQUESTS_PER_DOMAIN': 100000, 'DOWNLOAD_TIMEOUT': 10, 'DUPEFILTER_CLASS': 'scrapy_redis.dupefilter.RFPDupeFilter', 'LOG_FILE': 'increment.log', 'NEWSPIDER_MODULE': 'video_scrapy.spiders', 'RETRY_TIMES': 15, 'SCHEDULER': 'scrapy_redis.scheduler.Scheduler', 'SPIDER_MODULES': ['video_scrapy.spiders']}
2021-01-07 09:05:22 [scrapy.extensions.telnet] INFO: Telnet Password: caa9cd11b51e4c4a
2021-01-07 09:05:22 [scrapy.middleware] INFO: Enabled extensions:
['scrapy.extensions.corestats.CoreStats',
 'scrapy.extensions.telnet.TelnetConsole',
 'scrapy.extensions.logstats.LogStats']
2021-01-07 09:05:22 [scrapy.middleware] INFO: Enabled downloader middlewares:
['scrapy.downloadermiddlewares.httpauth.HttpAuthMiddleware',
 'scrapy.downloadermiddlewares.downloadtimeout.DownloadTimeoutMiddleware',
 'scrapy.downloadermiddlewares.defaultheaders.DefaultHeadersMiddleware',
 'scrapy.downloadermiddlewares.useragent.UserAgentMiddleware',
 'video_scrapy.middlewares.RandomUserAgent',
 'video_scrapy.middlewares.ProxyMiddleWares',
 'video_scrapy.middlewares.MyRetry',
 'video_scrapy.middlewares.VideoScrapyDownloaderMiddleware',
 'scrapy.downloadermiddlewares.redirect.MetaRefreshMiddleware',
 'scrapy.downloadermiddlewares.httpcompression.HttpCompressionMiddleware',
 'scrapy.downloadermiddlewares.redirect.RedirectMiddleware',
 'scrapy.downloadermiddlewares.cookies.CookiesMiddleware',
 'scrapy.downloadermiddlewares.httpproxy.HttpProxyMiddleware',
 'scrapy.downloadermiddlewares.stats.DownloaderStats']
2021-01-07 09:05:22 [scrapy.middleware] INFO: Enabled spider middlewares:
['scrapy.spidermiddlewares.httperror.HttpErrorMiddleware',
 'scrapy.spidermiddlewares.offsite.OffsiteMiddleware',
 'scrapy.spidermiddlewares.referer.RefererMiddleware',
 'scrapy.spidermiddlewares.urllength.UrlLengthMiddleware',
 'scrapy.spidermiddlewares.depth.DepthMiddleware']
2021-01-07 09:05:22 [scrapy.middleware] INFO: Enabled item pipelines:
['video_scrapy.pipelines.MongoDBPipeline']
2021-01-07 09:05:22 [scrapy.core.engine] INFO: Spider opened
2021-01-07 09:05:22 [scrapy.extensions.logstats] INFO: Crawled 0 pages (at 0 pages/min), scraped 0 items (at 0 items/min)
2021-01-07 09:05:22 [douban_increment] INFO: Spider opened: douban_increment
2021-01-07 09:05:22 [douban_increment] INFO: Spider opened: douban_increment
2021-01-07 09:05:22 [scrapy.extensions.telnet] INFO: Telnet console listening on 127.0.0.1:6023
2021-01-07 09:05:31 [scrapy.core.engine] DEBUG: Crawled (200) <GET https://movie.douban.com/j/search_subjects?type=movie&tag=%E6%9C%80%E6%96%B0&page_limit=100&page_start=0> (referer: None)
2021-01-07 09:05:32 [root] DEBUG: 数据库存在30421637
2021-01-07 09:05:32 [root] DEBUG: 数据库存在27068597
2021-01-07 09:05:32 [root] DEBUG: 数据库存在34979983
2021-01-07 09:05:32 [root] DEBUG: 数据库存在34463995
2021-01-07 09:05:32 [root] DEBUG: 数据库存在33415963
2021-01-07 09:05:32 [root] DEBUG: 数据库存在35051438
2021-01-07 09:05:32 [root] DEBUG: 数据库存在30450313
2021-01-07 09:05:32 [root] DEBUG: 数据库存在27153409
2021-01-07 09:05:32 [root] DEBUG: 数据库存在26833203
2021-01-07 09:05:32 [root] DEBUG: 数据库存在26684264
2021-01-07 09:05:32 [root] DEBUG: 数据库存在35264411
2021-01-07 09:05:32 [root] DEBUG: 数据库存在34909171
2021-01-07 09:05:32 [root] DEBUG: 数据库存在35131427
2021-01-07 09:05:32 [root] DEBUG: 数据库存在35207868
2021-01-07 09:05:32 [root] DEBUG: 数据库存在35224342
2021-01-07 09:05:32 [root] DEBUG: 数据库存在34818507
2021-01-07 09:05:32 [root] DEBUG: 数据库存在34919039
2021-01-07 09:05:32 [root] DEBUG: 数据库存在34797673
2021-01-07 09:05:32 [root] DEBUG: 数据库存在35275115
2021-01-07 09:05:32 [root] DEBUG: 数据库存在34925402
2021-01-07 09:05:32 [root] DEBUG: 数据库存在33371681
2021-01-07 09:05:32 [root] DEBUG: 数据库存在35231832
2021-01-07 09:05:32 [root] DEBUG: 数据库存在35163183
2021-01-07 09:05:32 [root] DEBUG: 数据库存在30149726
2021-01-07 09:05:32 [root] DEBUG: 数据库存在34899500
2021-01-07 09:05:32 [root] DEBUG: 数据库存在30451958
2021-01-07 09:05:32 [root] DEBUG: 数据库存在35195868
2021-01-07 09:05:32 [root] DEBUG: 数据库存在24733428
2021-01-07 09:05:32 [root] DEBUG: 数据库存在34442667
2021-01-07 09:05:32 [root] DEBUG: 数据库存在30432331
2021-01-07 09:05:32 [root] DEBUG: 数据库存在34906719
2021-01-07 09:05:32 [root] DEBUG: 数据库存在30365411
2021-01-07 09:05:32 [root] DEBUG: 数据库存在30408043
2021-01-07 09:05:32 [root] DEBUG: 数据库存在34439631
2021-01-07 09:05:32 [root] DEBUG: 数据库存在34940645
2021-01-07 09:05:32 [root] DEBUG: 数据库存在34841492
2021-01-07 09:05:32 [root] DEBUG: 数据库存在34858072
2021-01-07 09:05:32 [root] DEBUG: 数据库存在27092550
2021-01-07 09:05:32 [root] DEBUG: 数据库存在34902569
2021-01-07 09:05:32 [root] DEBUG: 数据库存在33462526
2021-01-07 09:05:32 [root] DEBUG: 数据库存在34996986
2021-01-07 09:05:32 [root] DEBUG: 数据库存在35153548
2021-01-07 09:05:32 [root] DEBUG: 数据库存在34926177
2021-01-07 09:05:32 [root] DEBUG: 数据库存在35182114
2021-01-07 09:05:32 [root] DEBUG: 数据库存在33437777
2021-01-07 09:05:32 [root] DEBUG: 数据库存在34800470
2021-01-07 09:05:32 [root] DEBUG: 数据库存在30207998
2021-01-07 09:05:32 [root] DEBUG: 数据库存在34678142
2021-01-07 09:05:32 [root] DEBUG: 数据库存在27073752
2021-01-07 09:05:32 [root] DEBUG: 数据库存在30323120
2021-01-07 09:05:32 [root] DEBUG: 数据库存在30459693
2021-01-07 09:05:32 [root] DEBUG: 数据库存在34461279
2021-01-07 09:05:32 [root] DEBUG: 数据库存在34841525
2021-01-07 09:05:32 [root] DEBUG: 数据库存在30396679
2021-01-07 09:05:32 [root] DEBUG: 数据库存在35225280
2021-01-07 09:05:32 [root] DEBUG: 数据库存在34840499
2021-01-07 09:05:32 [root] DEBUG: 数据库存在34982759
2021-01-07 09:05:32 [root] DEBUG: 数据库存在30170787
2021-01-07 09:05:32 [root] DEBUG: 数据库存在34463371
2021-01-07 09:05:32 [root] DEBUG: 数据库存在26694926
2021-01-07 09:05:32 [root] DEBUG: 数据库存在34786960
2021-01-07 09:05:32 [root] DEBUG: 数据库存在26716348
2021-01-07 09:05:32 [root] DEBUG: 数据库存在33465595
2021-01-07 09:05:32 [root] DEBUG: 数据库存在30160584
2021-01-07 09:05:32 [root] DEBUG: 数据库存在33422501
2021-01-07 09:05:32 [root] DEBUG: 数据库存在35151580
2021-01-07 09:05:32 [root] DEBUG: 数据库存在34905647
2021-01-07 09:05:32 [root] DEBUG: 数据库存在27042286
2021-01-07 09:05:32 [root] DEBUG: 数据库存在34894753
2021-01-07 09:05:32 [root] DEBUG: 数据库存在34454004
2021-01-07 09:05:32 [root] DEBUG: 数据库存在34907386
2021-01-07 09:05:32 [root] DEBUG: 数据库存在30437716
2021-01-07 09:05:32 [root] DEBUG: 数据库存在35048298
2021-01-07 09:05:32 [root] DEBUG: 数据库存在33476037
2021-01-07 09:05:32 [root] DEBUG: 数据库存在35028505
2021-01-07 09:05:32 [root] DEBUG: 数据库存在34935805
2021-01-07 09:05:32 [root] DEBUG: 数据库存在30167311
2021-01-07 09:05:32 [root] DEBUG: 数据库存在34678234
2021-01-07 09:05:32 [root] DEBUG: 数据库存在30349249
2021-01-07 09:05:32 [root] DEBUG: 数据库存在27072716
2021-01-07 09:05:32 [root] DEBUG: 数据库存在30282350
2021-01-07 09:05:32 [root] DEBUG: 数据库存在35161323
2021-01-07 09:05:32 [root] DEBUG: 数据库存在30465260
2021-01-07 09:05:32 [root] DEBUG: 数据库存在34805873
2021-01-07 09:05:32 [root] DEBUG: 数据库存在30304560
2021-01-07 09:05:32 [root] DEBUG: 数据库存在33379643
2021-01-07 09:05:32 [root] DEBUG: 数据库存在30403683
2021-01-07 09:05:32 [root] DEBUG: 数据库存在33389309
2021-01-07 09:05:32 [root] DEBUG: 数据库存在34461705
2021-01-07 09:05:32 [root] DEBUG: 数据库存在33406815
2021-01-07 09:05:32 [root] DEBUG: 数据库存在34954336
2021-01-07 09:05:32 [root] DEBUG: 数据库存在30304769
2021-01-07 09:05:32 [root] DEBUG: 数据库存在30466931
2021-01-07 09:05:32 [root] DEBUG: 数据库存在34663688
2021-01-07 09:05:32 [root] DEBUG: 数据库存在30206909
2021-01-07 09:05:32 [root] DEBUG: 数据库存在33394375
2021-01-07 09:05:32 [root] DEBUG: 数据库存在35154957
2021-01-07 09:05:32 [root] DEBUG: 数据库存在27176614
2021-01-07 09:05:32 [root] DEBUG: 数据库存在27200012
2021-01-07 09:05:32 [root] DEBUG: 数据库存在34679696
2021-01-07 09:05:32 [scrapy.core.engine] INFO: Closing spider (finished)
2021-01-07 09:05:32 [scrapy.statscollectors] INFO: Dumping Scrapy stats:
{'downloader/request_bytes': 315,
 'downloader/request_count': 1,
 'downloader/request_method_count/GET': 1,
 'downloader/response_bytes': 4999,
 'downloader/response_count': 1,
 'downloader/response_status_count/200': 1,
 'finish_reason': 'finished',
 'finish_time': datetime.datetime(2021, 1, 7, 1, 5, 32, 958720),
 'log_count/DEBUG': 101,
 'log_count/INFO': 11,
 'response_received_count': 1,
 'scheduler/dequeued/redis': 1,
 'scheduler/enqueued/redis': 1,
 'start_time': datetime.datetime(2021, 1, 7, 1, 5, 22, 940727)}
2021-01-07 09:05:32 [scrapy.core.engine] INFO: Spider closed (finished)
